<?xml version="1.0" encoding="UTF-8"?>
<!-- Generated by org.testng.reporters.JUnitReportReporter -->
<testsuite skipped="0" hostname="rajat-PC" name="testScript.Print" tests="1" failures="0" timestamp="26 Mar 2018 15:40:20 GMT" time="0.013" errors="0">
  <testcase name="Cognizant" time="0.013" classname="testScript.Print"/>
</testsuite> <!-- testScript.Print -->
